<?xml version="1.0" encoding="UTF-8"?>
<testsuite name="com.shortener.challenge.application.shorturl.retrieve.get.id.GetByIdShortURLUseCaseTest" tests="3" skipped="0" failures="0" errors="0" timestamp="2022-07-17T23:02:21" hostname="YY215150" time="0.014">
  <properties/>
  <testcase name="givenAInvalidId_whenCallsGetShortURL_shouldReturnNotFound()" classname="com.shortener.challenge.application.shorturl.retrieve.get.id.GetByIdShortURLUseCaseTest" time="0.005"/>
  <testcase name="givenAValidId_whenGatewayThrowsException_shouldReturnException()" classname="com.shortener.challenge.application.shorturl.retrieve.get.id.GetByIdShortURLUseCaseTest" time="0.003"/>
  <testcase name="givenAValidId_whenCallsGetShortURL_shouldReturnShortURL()" classname="com.shortener.challenge.application.shorturl.retrieve.get.id.GetByIdShortURLUseCaseTest" time="0.003"/>
  <system-out><![CDATA[]]></system-out>
  <system-err><![CDATA[]]></system-err>
</testsuite>
