<?xml version="1.0" encoding="UTF-8"?>
<testsuite name="com.shortener.challenge.application.shorturl.create.CreateShortURLUseCaseTest" tests="3" skipped="0" failures="0" errors="0" timestamp="2022-07-17T23:02:20" hostname="YY215150" time="1.065">
  <properties/>
  <testcase name="givenAValidCommand_whenCallsCreateShortURL_shouldReturnId()" classname="com.shortener.challenge.application.shorturl.create.CreateShortURLUseCaseTest" time="1.05"/>
  <testcase name="givenAInvalidCode_whenCallsCreateShortURL_thenShouldReturnException()" classname="com.shortener.challenge.application.shorturl.create.CreateShortURLUseCaseTest" time="0.008"/>
  <testcase name="givenAInvalidTarget_whenCallsCreateShortURL_thenShouldReturnException()" classname="com.shortener.challenge.application.shorturl.create.CreateShortURLUseCaseTest" time="0.004"/>
  <system-out><![CDATA[]]></system-out>
  <system-err><![CDATA[]]></system-err>
</testsuite>
