<?xml version="1.0" encoding="UTF-8"?>
<testsuite name="com.shortener.challenge.application.shorturl.delete.DeleteShortURLUseCaseTest" tests="3" skipped="0" failures="0" errors="0" timestamp="2022-07-17T23:02:21" hostname="YY215150" time="0.024">
  <properties/>
  <testcase name="givenAInvalidId_whenCallsDeleteCategory_shouldBeOK()" classname="com.shortener.challenge.application.shorturl.delete.DeleteShortURLUseCaseTest" time="0.01"/>
  <testcase name="givenAValidId_whenGatewayThrowsException_shouldReturnException()" classname="com.shortener.challenge.application.shorturl.delete.DeleteShortURLUseCaseTest" time="0.007"/>
  <testcase name="givenAValidId_whenCallsDeleteShortURL_shouldBeOK()" classname="com.shortener.challenge.application.shorturl.delete.DeleteShortURLUseCaseTest" time="0.004"/>
  <system-out><![CDATA[]]></system-out>
  <system-err><![CDATA[]]></system-err>
</testsuite>
