<?xml version="1.0" encoding="UTF-8"?>
<testsuite name="com.shortener.challenge.domain.shortURL.code.ShortURLCodeLang3Test" tests="1" skipped="0" failures="0" errors="0" timestamp="2022-07-17T23:02:31" hostname="YY215150" time="0.001">
  <properties/>
  <testcase name="givenAValidParams_whenCallCreate_thenCreatedACode()" classname="com.shortener.challenge.domain.shortURL.code.ShortURLCodeLang3Test" time="0.001"/>
  <system-out><![CDATA[]]></system-out>
  <system-err><![CDATA[]]></system-err>
</testsuite>
